<?xml version="1.0" encoding="UTF-8"?>
<!-- Generated by org.testng.reporters.JUnitReportReporter -->
<testsuite hostname="TYSS-Dhanush" failures="0" tests="1" name="Scripts.Scripts_4" time="6.704" errors="0" timestamp="2024-01-23T16:11:17 IST" skipped="0">
  <testcase classname="Scripts.Scripts_4" name="get_city" time="6.704"/>
  <system-out/>
</testsuite> <!-- Scripts.Scripts_4 -->
