<?xml version="1.0" encoding="UTF-8"?>
<!-- Generated by org.testng.reporters.JUnitReportReporter -->
<testsuite hostname="TYSS-Dhanush" failures="0" tests="1" name="Scripts.Script_1" time="6.660" errors="0" timestamp="2024-01-16T14:59:47 IST" skipped="0">
  <testcase classname="Scripts.Script_1" name="fghj" time="6.660"/>
  <system-out/>
</testsuite> <!-- Scripts.Script_1 -->
