<?xml version="1.0" encoding="UTF-8"?>
<!-- Generated by org.testng.reporters.JUnitReportReporter -->
<testsuite hostname="TYSS-Dhanush" failures="0" tests="1" name="base.Required_Data" time="0.046" errors="0" timestamp="2024-01-16T18:49:04 IST" skipped="0">
  <testcase classname="base.Required_Data" name="dateAndTime" time="0.046"/>
  <system-out/>
</testsuite> <!-- base.Required_Data -->
