<?xml version="1.0" encoding="UTF-8"?>
<!-- Generated by org.testng.reporters.JUnitReportReporter -->
<testsuite hostname="TYSS-Dhanush" failures="0" tests="1" name="Scripts.DataProvider" time="26.014" errors="0" timestamp="2024-01-18T15:52:35 IST" skipped="0">
  <testcase classname="Scripts.DataProvider" name="data" time="26.014"/>
  <system-out/>
</testsuite> <!-- Scripts.DataProvider -->
